TN:
SF:src\app.ts
FNF:0
FNH:0
DA:1,1
DA:2,1
DA:3,1
DA:4,1
DA:5,1
DA:6,1
DA:8,1
DA:9,1
DA:10,1
DA:14,1
DA:16,1
DA:17,1
DA:20,1
DA:22,1
LF:14
LH:14
BRDA:16,0,0,1
BRF:1
BRH:1
end_of_record
TN:
SF:src\database.ts
FNF:0
FNH:0
DA:1,2
DA:3,2
DA:4,2
LF:3
LH:3
BRF:0
BRH:0
end_of_record
TN:
SF:src\controllers\recommendationController.ts
FN:6,insert
FN:17,upvote
FN:25,downvote
FN:33,random
FN:39,get
FN:44,getTop
FN:51,getById
FNF:7
FNH:7
FNDA:1,insert
FNDA:3,upvote
FNDA:1,downvote
FNDA:1,random
FNDA:1,get
FNDA:1,getTop
FNDA:1,getById
DA:2,1
DA:3,1
DA:4,1
DA:7,1
DA:8,1
DA:9,0
DA:12,1
DA:14,1
DA:18,3
DA:20,3
DA:22,3
DA:26,1
DA:28,1
DA:30,1
DA:34,1
DA:36,1
DA:40,1
DA:41,1
DA:45,1
DA:47,1
DA:48,1
DA:52,1
DA:54,1
DA:55,1
DA:58,1
LF:25
LH:24
BRDA:8,0,0,0
BRF:1
BRH:0
end_of_record
TN:
SF:src\controllers\testController.ts
FN:4,deleteAll
FN:9,findByName
FNF:2
FNH:0
FNDA:0,deleteAll
FNDA:0,findByName
DA:2,1
DA:5,0
DA:6,0
DA:10,0
DA:11,0
DA:12,0
DA:15,1
LF:7
LH:2
BRF:0
BRH:0
end_of_record
TN:
SF:src\middlewares\errorHandlerMiddleware.ts
FN:8,errorHandlerMiddleware
FNF:1
FNH:0
FNDA:0,errorHandlerMiddleware
DA:2,1
DA:8,1
DA:14,0
DA:16,0
DA:17,0
DA:20,0
LF:6
LH:2
BRDA:16,0,0,0
BRF:1
BRH:0
end_of_record
TN:
SF:src\repositories\recommendationRepository.ts
FN:5,create
FN:16,findAll
FN:26,getAmountByScore
FN:33,getFindAllFilter
FN:45,find
FN:51,findByName
FN:57,updateScore
FN:66,remove
FN:72,deleteAll
FNF:9
FNH:7
FNDA:1,create
FNDA:4,findAll
FNDA:1,getAmountByScore
FNDA:4,getFindAllFilter
FNDA:6,find
FNDA:6,findByName
FNDA:4,updateScore
FNDA:0,remove
FNDA:0,deleteAll
DA:2,2
DA:6,1
DA:17,4
DA:19,4
DA:27,1
DA:36,4
DA:38,1
DA:40,1
DA:46,6
DA:52,6
DA:58,4
DA:67,0
DA:73,0
DA:76,2
LF:14
LH:12
BRDA:36,0,0,3
BRF:1
BRH:1
end_of_record
TN:
SF:src\routers\recommendationRouter.ts
FNF:0
FNH:0
DA:1,1
DA:2,1
DA:4,1
DA:6,1
DA:7,1
DA:8,1
DA:9,1
DA:10,1
DA:11,1
DA:12,1
DA:14,1
LF:11
LH:11
BRF:0
BRH:0
end_of_record
TN:
SF:src\routers\testRouter.ts
FNF:0
FNH:0
DA:1,1
DA:2,1
DA:4,1
DA:6,1
DA:7,1
DA:9,1
LF:6
LH:6
BRF:0
BRH:0
end_of_record
TN:
SF:src\schemas\recommendationsSchemas.ts
FNF:0
FNH:0
DA:1,1
DA:4,1
DA:6,1
LF:3
LH:3
BRF:0
BRH:0
end_of_record
TN:
SF:src\services\recommendationsService.ts
FN:7,insert
FN:17,upvote
FN:23,downvote
FN:36,getByIdOrFail
FN:43,get
FN:47,getTop
FN:51,getRandom
FN:64,getByScore
FN:77,getScoreFilter
FNF:9
FNH:9
FNDA:3,insert
FNDA:5,upvote
FNDA:3,downvote
FNDA:9,getByIdOrFail
FNDA:2,get
FNDA:2,getTop
FNDA:3,getRandom
FNDA:3,getByScore
FNDA:3,getScoreFilter
DA:2,2
DA:3,2
DA:8,3
DA:11,3
DA:12,1
DA:14,2
DA:18,5
DA:20,4
DA:24,3
DA:26,3
DA:31,3
DA:32,0
DA:37,9
DA:38,9
DA:40,8
DA:44,2
DA:48,2
DA:52,3
DA:53,3
DA:55,3
DA:56,3
DA:57,0
DA:60,3
DA:61,3
DA:65,3
DA:70,3
DA:71,1
DA:74,2
DA:78,3
DA:79,3
DA:82,0
DA:85,2
LF:32
LH:29
BRDA:11,0,0,1
BRDA:31,1,0,0
BRDA:38,2,0,1
BRDA:56,3,0,0
BRDA:70,4,0,1
BRDA:78,5,0,3
BRF:6
BRH:4
end_of_record
TN:
SF:src\services\testService.ts
FN:3,deleteAll
FN:7,findByName
FNF:2
FNH:0
FNDA:0,deleteAll
FNDA:0,findByName
DA:1,1
DA:4,0
DA:8,0
DA:9,0
DA:12,1
LF:5
LH:2
BRF:0
BRH:0
end_of_record
TN:
SF:src\utils\errorUtils.ts
FN:7,isAppError
FN:11,errorTypeToStatusCode
FN:19,conflictError
FN:23,notFoundError
FN:27,unauthorizedError
FN:31,wrongSchemaError
FNF:6
FNH:2
FNDA:0,isAppError
FNDA:0,errorTypeToStatusCode
FNDA:1,conflictError
FNDA:1,notFoundError
FNDA:0,unauthorizedError
FNDA:0,wrongSchemaError
DA:7,2
DA:8,0
DA:11,2
DA:12,0
DA:13,0
DA:14,0
DA:15,0
DA:16,0
DA:19,2
DA:20,1
DA:23,2
DA:24,1
DA:27,2
DA:28,0
DA:31,2
DA:32,0
LF:16
LH:8
BRDA:12,0,0,0
BRDA:13,1,0,0
BRDA:14,2,0,0
BRDA:15,3,0,0
BRDA:20,4,0,1
BRDA:20,4,1,0
BRDA:20,5,0,1
BRDA:20,5,1,1
BRDA:24,6,0,0
BRDA:24,6,1,1
BRDA:24,7,0,1
BRDA:24,7,1,1
BRDA:28,8,0,0
BRDA:28,8,1,0
BRDA:28,9,0,0
BRDA:28,9,1,0
BRDA:32,10,0,0
BRDA:32,10,1,0
BRDA:32,11,0,0
BRDA:32,11,1,0
BRF:20
BRH:6
end_of_record
TN:
SF:test\factories\scenarioFactory.ts
FN:5,deleteAllData
FN:9,createTwoVideos
FN:19,createThreeVideosAndVote
FNF:3
FNH:3
FNDA:6,deleteAllData
FNDA:4,createTwoVideos
FNDA:1,createThreeVideosAndVote
DA:1,1
DA:2,1
DA:3,1
DA:5,1
DA:6,6
DA:9,1
DA:10,4
DA:11,4
DA:12,4
DA:13,4
DA:15,4
DA:16,4
DA:19,1
DA:20,1
DA:21,1
DA:22,1
DA:26,1
DA:27,1
DA:28,1
DA:32,1
DA:33,1
DA:34,1
DA:38,1
LF:23
LH:23
BRF:0
BRH:0
end_of_record
TN:
SF:test\factories\videoFactory.ts
FN:2,videoData
FN:10,videoByScore
FN:20,listOfVideos
FNF:3
FNH:3
FNDA:14,videoData
FNDA:1,videoByScore
FNDA:1,listOfVideos
DA:1,2
DA:2,2
DA:3,14
DA:4,14
DA:10,2
DA:11,1
DA:12,1
DA:20,2
DA:21,1
DA:22,1
DA:23,4
DA:24,4
DA:31,1
LF:13
LH:13
BRF:0
BRH:0
end_of_record
